<?xml version="1.0" encoding="UTF-8"?>
<coverage generated="1665515211447" clover="3.2.0">
  <project timestamp="1665515211447" name="All files">
    <metrics statements="53" coveredstatements="21" conditionals="33" coveredconditionals="5" methods="10" coveredmethods="4" elements="96" coveredelements="30" complexity="0" loc="53" ncloc="53" packages="1" files="6" classes="6"/>
    <file name="content.js" path="/Users/artempetrakov/Documents/Hexlet/Проекты/backend-project-46/src/content.js">
      <metrics statements="5" coveredstatements="5" conditionals="0" coveredconditionals="0" methods="1" coveredmethods="1"/>
      <line num="6" count="1" type="stmt"/>
      <line num="7" count="4" type="stmt"/>
      <line num="8" count="4" type="stmt"/>
      <line num="9" count="4" type="stmt"/>
      <line num="10" count="4" type="stmt"/>
    </file>
    <file name="difference.js" path="/Users/artempetrakov/Documents/Hexlet/Проекты/backend-project-46/src/difference.js">
      <metrics statements="22" coveredstatements="12" conditionals="19" coveredconditionals="3" methods="2" coveredmethods="2"/>
      <line num="10" count="2" type="stmt"/>
      <line num="11" count="2" type="stmt"/>
      <line num="12" count="2" type="stmt"/>
      <line num="15" count="2" type="stmt"/>
      <line num="17" count="2" type="stmt"/>
      <line num="18" count="2" type="stmt"/>
      <line num="21" count="2" type="stmt"/>
      <line num="22" count="2" type="stmt"/>
      <line num="24" count="2" type="stmt"/>
      <line num="26" count="2" type="stmt"/>
      <line num="28" count="2" type="cond" truecount="3" falsecount="1"/>
      <line num="29" count="2" type="stmt"/>
      <line num="31" count="0" type="cond" truecount="0" falsecount="2"/>
      <line num="32" count="0" type="stmt"/>
      <line num="34" count="0" type="cond" truecount="0" falsecount="5"/>
      <line num="35" count="0" type="stmt"/>
      <line num="37" count="0" type="cond" truecount="0" falsecount="4"/>
      <line num="38" count="0" type="stmt"/>
      <line num="40" count="0" type="cond" truecount="0" falsecount="4"/>
      <line num="41" count="0" type="stmt"/>
      <line num="44" count="0" type="stmt"/>
      <line num="45" count="0" type="stmt"/>
    </file>
    <file name="formatters.js" path="/Users/artempetrakov/Documents/Hexlet/Проекты/backend-project-46/src/formatters.js">
      <metrics statements="3" coveredstatements="0" conditionals="2" coveredconditionals="0" methods="1" coveredmethods="0"/>
      <line num="4" count="0" type="cond" truecount="0" falsecount="2"/>
      <line num="6" count="0" type="stmt"/>
      <line num="8" count="0" type="stmt"/>
    </file>
    <file name="index.js" path="/Users/artempetrakov/Documents/Hexlet/Проекты/backend-project-46/src/index.js">
      <metrics statements="0" coveredstatements="0" conditionals="0" coveredconditionals="0" methods="0" coveredmethods="0"/>
    </file>
    <file name="parser.js" path="/Users/artempetrakov/Documents/Hexlet/Проекты/backend-project-46/src/parser.js">
      <metrics statements="5" coveredstatements="3" conditionals="4" coveredconditionals="2" methods="1" coveredmethods="1"/>
      <line num="4" count="2" type="cond" truecount="2" falsecount="2"/>
      <line num="6" count="1" type="stmt"/>
      <line num="8" count="1" type="stmt"/>
      <line num="10" count="0" type="stmt"/>
      <line num="12" count="0" type="stmt"/>
    </file>
    <file name="stylish.js" path="/Users/artempetrakov/Documents/Hexlet/Проекты/backend-project-46/src/stylish.js">
      <metrics statements="18" coveredstatements="1" conditionals="8" coveredconditionals="0" methods="5" coveredmethods="0"/>
      <line num="4" count="1" type="cond" truecount="0" falsecount="1"/>
      <line num="8" count="0" type="stmt"/>
      <line num="10" count="0" type="stmt"/>
      <line num="12" count="0" type="stmt"/>
      <line num="14" count="0" type="stmt"/>
      <line num="16" count="0" type="cond" truecount="0" falsecount="2"/>
      <line num="17" count="0" type="stmt"/>
      <line num="19" count="0" type="stmt"/>
      <line num="20" count="0" type="stmt"/>
      <line num="21" count="0" type="stmt"/>
      <line num="22" count="0" type="stmt"/>
      <line num="24" count="0" type="stmt"/>
      <line num="27" count="0" type="cond" truecount="0" falsecount="5"/>
      <line num="29" count="0" type="stmt"/>
      <line num="31" count="0" type="stmt"/>
      <line num="33" count="0" type="stmt"/>
      <line num="35" count="0" type="stmt"/>
      <line num="37" count="0" type="stmt"/>
    </file>
  </project>
</coverage>
