<?xml version="1.0" encoding="UTF-8"?>
<coverage generated="1674504018433" clover="3.2.0">
  <project timestamp="1674504018433" name="All files">
    <metrics statements="73" coveredstatements="70" conditionals="45" coveredconditionals="41" methods="19" coveredmethods="19" elements="137" coveredelements="130" complexity="0" loc="73" ncloc="73" packages="2" files="8" classes="8"/>
    <package name="src">
      <metrics statements="30" coveredstatements="28" conditionals="23" coveredconditionals="20" methods="5" coveredmethods="5"/>
      <file name="getData.js" path="/Users/artempetrakov/Documents/Hexlet/Проекты/backend-project-46/src/getData.js">
        <metrics statements="6" coveredstatements="6" conditionals="0" coveredconditionals="0" methods="1" coveredmethods="1"/>
        <line num="6" count="1" type="stmt"/>
        <line num="7" count="12" type="stmt"/>
        <line num="8" count="12" type="stmt"/>
        <line num="9" count="12" type="stmt"/>
        <line num="10" count="12" type="stmt"/>
        <line num="11" count="12" type="stmt"/>
      </file>
      <file name="getDifference.js" path="/Users/artempetrakov/Documents/Hexlet/Проекты/backend-project-46/src/getDifference.js">
        <metrics statements="19" coveredstatements="19" conditionals="19" coveredconditionals="18" methods="3" coveredmethods="3"/>
        <line num="5" count="1" type="stmt"/>
        <line num="6" count="30" type="stmt"/>
        <line num="7" count="30" type="stmt"/>
        <line num="8" count="30" type="stmt"/>
        <line num="10" count="30" type="stmt"/>
        <line num="12" count="108" type="cond" truecount="4" falsecount="0"/>
        <line num="13" count="24" type="stmt"/>
        <line num="15" count="84" type="cond" truecount="2" falsecount="0"/>
        <line num="16" count="18" type="stmt"/>
        <line num="18" count="66" type="cond" truecount="5" falsecount="0"/>
        <line num="19" count="24" type="stmt"/>
        <line num="21" count="42" type="cond" truecount="4" falsecount="0"/>
        <line num="22" count="12" type="stmt"/>
        <line num="24" count="30" type="cond" truecount="3" falsecount="1"/>
        <line num="25" count="30" type="stmt"/>
        <line num="31" count="6" type="stmt"/>
        <line num="32" count="6" type="stmt"/>
        <line num="33" count="6" type="stmt"/>
        <line num="34" count="6" type="stmt"/>
      </file>
      <file name="getParser.js" path="/Users/artempetrakov/Documents/Hexlet/Проекты/backend-project-46/src/getParser.js">
        <metrics statements="5" coveredstatements="3" conditionals="4" coveredconditionals="2" methods="1" coveredmethods="1"/>
        <line num="4" count="12" type="cond" truecount="2" falsecount="2"/>
        <line num="6" count="6" type="stmt"/>
        <line num="8" count="6" type="stmt"/>
        <line num="10" count="0" type="stmt"/>
        <line num="12" count="0" type="stmt"/>
      </file>
      <file name="index.js" path="/Users/artempetrakov/Documents/Hexlet/Проекты/backend-project-46/src/index.js">
        <metrics statements="0" coveredstatements="0" conditionals="0" coveredconditionals="0" methods="0" coveredmethods="0"/>
      </file>
    </package>
    <package name="src.formatters">
      <metrics statements="43" coveredstatements="42" conditionals="22" coveredconditionals="21" methods="14" coveredmethods="14"/>
      <file name="index.js" path="/Users/artempetrakov/Documents/Hexlet/Проекты/backend-project-46/src/formatters/index.js">
        <metrics statements="5" coveredstatements="4" conditionals="4" coveredconditionals="3" methods="1" coveredmethods="1"/>
        <line num="6" count="6" type="cond" truecount="3" falsecount="1"/>
        <line num="8" count="2" type="stmt"/>
        <line num="10" count="2" type="stmt"/>
        <line num="12" count="2" type="stmt"/>
        <line num="14" count="0" type="stmt"/>
      </file>
      <file name="json.js" path="/Users/artempetrakov/Documents/Hexlet/Проекты/backend-project-46/src/formatters/json.js">
        <metrics statements="2" coveredstatements="2" conditionals="0" coveredconditionals="0" methods="1" coveredmethods="1"/>
        <line num="2" count="2" type="stmt"/>
        <line num="3" count="2" type="stmt"/>
      </file>
      <file name="plain.js" path="/Users/artempetrakov/Documents/Hexlet/Проекты/backend-project-46/src/formatters/plain.js">
        <metrics statements="15" coveredstatements="15" conditionals="10" coveredconditionals="10" methods="6" coveredmethods="6"/>
        <line num="3" count="1" type="cond" truecount="1" falsecount="0"/>
        <line num="5" count="10" type="stmt"/>
        <line num="7" count="36" type="cond" truecount="4" falsecount="0"/>
        <line num="8" count="36" type="stmt"/>
        <line num="10" count="72" type="stmt"/>
        <line num="12" count="36" type="cond" truecount="5" falsecount="0"/>
        <line num="14" count="6" type="stmt"/>
        <line num="16" count="4" type="stmt"/>
        <line num="18" count="10" type="stmt"/>
        <line num="20" count="8" type="stmt"/>
        <line num="22" count="8" type="stmt"/>
        <line num="24" count="36" type="stmt"/>
        <line num="25" count="10" type="stmt"/>
        <line num="29" count="2" type="stmt"/>
        <line num="30" count="2" type="stmt"/>
      </file>
      <file name="stylish.js" path="/Users/artempetrakov/Documents/Hexlet/Проекты/backend-project-46/src/formatters/stylish.js">
        <metrics statements="21" coveredstatements="21" conditionals="8" coveredconditionals="8" methods="6" coveredmethods="6"/>
        <line num="3" count="1" type="cond" truecount="1" falsecount="0"/>
        <line num="5" count="10" type="stmt"/>
        <line num="7" count="84" type="stmt"/>
        <line num="9" count="36" type="stmt"/>
        <line num="11" count="36" type="stmt"/>
        <line num="12" count="54" type="cond" truecount="2" falsecount="0"/>
        <line num="13" count="40" type="stmt"/>
        <line num="15" count="14" type="stmt"/>
        <line num="16" count="14" type="stmt"/>
        <line num="17" count="18" type="stmt"/>
        <line num="18" count="18" type="stmt"/>
        <line num="20" count="14" type="stmt"/>
        <line num="23" count="36" type="cond" truecount="5" falsecount="0"/>
        <line num="25" count="6" type="stmt"/>
        <line num="27" count="4" type="stmt"/>
        <line num="29" count="10" type="stmt"/>
        <line num="31" count="8" type="stmt"/>
        <line num="33" count="8" type="stmt"/>
        <line num="36" count="10" type="stmt"/>
        <line num="40" count="2" type="stmt"/>
        <line num="41" count="2" type="stmt"/>
      </file>
    </package>
  </project>
</coverage>
