{"/Users/artempetrakov/Documents/Hexlet/Проекты/backend-project-46/src/getContent.js": {"path":"/Users/artempetrakov/Documents/Hexlet/Проекты/backend-project-46/src/getContent.js","statementMap":{"0":{"start":{"line":6,"column":19},"end":{"line":11,"column":1}},"1":{"start":{"line":7,"column":21},"end":{"line":7,"column":34}},"2":{"start":{"line":8,"column":19},"end":{"line":8,"column":49}},"3":{"start":{"line":9,"column":19},"end":{"line":9,"column":66}},"4":{"start":{"line":10,"column":2},"end":{"line":10,"column":18}}},"fnMap":{"0":{"name":"(anonymous_0)","decl":{"start":{"line":6,"column":19},"end":{"line":6,"column":20}},"loc":{"start":{"line":6,"column":29},"end":{"line":11,"column":1}},"line":6}},"branchMap":{},"s":{"0":1,"1":2,"2":2,"3":2,"4":2},"f":{"0":2},"b":{},"_coverageSchema":"1a1c01bbd47fc00a2c39e90264f33305004495a9","hash":"e93d25f193f0a8438cebd904cc592d807f64334c"}
,"/Users/artempetrakov/Documents/Hexlet/Проекты/backend-project-46/src/getDifference.js": {"path":"/Users/artempetrakov/Documents/Hexlet/Проекты/backend-project-46/src/getDifference.js","statementMap":{"0":{"start":{"line":11,"column":20},"end":{"line":11,"column":37}},"1":{"start":{"line":12,"column":20},"end":{"line":12,"column":37}},"2":{"start":{"line":14,"column":24},"end":{"line":14,"column":43}},"3":{"start":{"line":17,"column":17},"end":{"line":24,"column":3}},"4":{"start":{"line":18,"column":4},"end":{"line":23,"column":5}},"5":{"start":{"line":20,"column":8},"end":{"line":20,"column":26}},"6":{"start":{"line":22,"column":8},"end":{"line":22,"column":42}},"7":{"start":{"line":26,"column":21},"end":{"line":26,"column":42}},"8":{"start":{"line":28,"column":15},"end":{"line":28,"column":36}},"9":{"start":{"line":29,"column":15},"end":{"line":29,"column":36}},"10":{"start":{"line":31,"column":16},"end":{"line":31,"column":33}},"11":{"start":{"line":32,"column":16},"end":{"line":32,"column":33}},"12":{"start":{"line":34,"column":20},"end":{"line":34,"column":48}},"13":{"start":{"line":36,"column":17},"end":{"line":52,"column":4}},"14":{"start":{"line":37,"column":19},"end":{"line":37,"column":28}},"15":{"start":{"line":38,"column":19},"end":{"line":38,"column":28}},"16":{"start":{"line":40,"column":4},"end":{"line":42,"column":5}},"17":{"start":{"line":41,"column":6},"end":{"line":41,"column":51}},"18":{"start":{"line":43,"column":4},"end":{"line":45,"column":5}},"19":{"start":{"line":44,"column":6},"end":{"line":44,"column":71}},"20":{"start":{"line":46,"column":4},"end":{"line":48,"column":5}},"21":{"start":{"line":47,"column":6},"end":{"line":47,"column":50}},"22":{"start":{"line":49,"column":4},"end":{"line":51,"column":5}},"23":{"start":{"line":50,"column":6},"end":{"line":50,"column":48}},"24":{"start":{"line":53,"column":2},"end":{"line":53,"column":46}}},"fnMap":{"0":{"name":"(anonymous_0)","decl":{"start":{"line":9,"column":15},"end":{"line":9,"column":16}},"loc":{"start":{"line":9,"column":33},"end":{"line":54,"column":3}},"line":9},"1":{"name":"(anonymous_1)","decl":{"start":{"line":17,"column":17},"end":{"line":17,"column":18}},"loc":{"start":{"line":17,"column":36},"end":{"line":24,"column":3}},"line":17},"2":{"name":"(anonymous_2)","decl":{"start":{"line":36,"column":31},"end":{"line":36,"column":32}},"loc":{"start":{"line":36,"column":40},"end":{"line":52,"column":3}},"line":36}},"branchMap":{"0":{"loc":{"start":{"line":18,"column":4},"end":{"line":23,"column":5}},"type":"switch","locations":[{"start":{"line":19,"column":6},"end":{"line":20,"column":26}},{"start":{"line":21,"column":6},"end":{"line":22,"column":42}}],"line":18},"1":{"loc":{"start":{"line":40,"column":4},"end":{"line":42,"column":5}},"type":"if","locations":[{"start":{"line":40,"column":4},"end":{"line":42,"column":5}},{"start":{},"end":{}}],"line":40},"2":{"loc":{"start":{"line":43,"column":4},"end":{"line":45,"column":5}},"type":"if","locations":[{"start":{"line":43,"column":4},"end":{"line":45,"column":5}},{"start":{},"end":{}}],"line":43},"3":{"loc":{"start":{"line":43,"column":8},"end":{"line":43,"column":83}},"type":"binary-expr","locations":[{"start":{"line":43,"column":9},"end":{"line":43,"column":33}},{"start":{"line":43,"column":37},"end":{"line":43,"column":61}},{"start":{"line":43,"column":66},"end":{"line":43,"column":83}}],"line":43},"4":{"loc":{"start":{"line":46,"column":4},"end":{"line":48,"column":5}},"type":"if","locations":[{"start":{"line":46,"column":4},"end":{"line":48,"column":5}},{"start":{},"end":{}}],"line":46},"5":{"loc":{"start":{"line":46,"column":8},"end":{"line":46,"column":61}},"type":"binary-expr","locations":[{"start":{"line":46,"column":8},"end":{"line":46,"column":32}},{"start":{"line":46,"column":36},"end":{"line":46,"column":61}}],"line":46},"6":{"loc":{"start":{"line":49,"column":4},"end":{"line":51,"column":5}},"type":"if","locations":[{"start":{"line":49,"column":4},"end":{"line":51,"column":5}},{"start":{},"end":{}}],"line":49},"7":{"loc":{"start":{"line":49,"column":8},"end":{"line":49,"column":61}},"type":"binary-expr","locations":[{"start":{"line":49,"column":8},"end":{"line":49,"column":33}},{"start":{"line":49,"column":37},"end":{"line":49,"column":61}}],"line":49}},"s":{"0":1,"1":1,"2":1,"3":1,"4":1,"5":1,"6":0,"7":1,"8":1,"9":1,"10":1,"11":1,"12":1,"13":1,"14":5,"15":5,"16":5,"17":1,"18":4,"19":1,"20":3,"21":2,"22":1,"23":1,"24":1},"f":{"0":1,"1":1,"2":5},"b":{"0":[1,0],"1":[1,4],"2":[1,3],"3":[4,3,1],"4":[2,1],"5":[3,2],"6":[1,0],"7":[1,1]},"_coverageSchema":"1a1c01bbd47fc00a2c39e90264f33305004495a9","hash":"8142f49c0dde16ece97e6b5232732b3109197f1d"}
,"/Users/artempetrakov/Documents/Hexlet/Проекты/backend-project-46/src/index.js": {"path":"/Users/artempetrakov/Documents/Hexlet/Проекты/backend-project-46/src/index.js","statementMap":{},"fnMap":{},"branchMap":{},"s":{},"f":{},"b":{},"_coverageSchema":"1a1c01bbd47fc00a2c39e90264f33305004495a9","hash":"bbb43150676b13de80e8175d912867ccff239748"}
,"/Users/artempetrakov/Documents/Hexlet/Проекты/backend-project-46/src/displayResults/displayJSON.js": {"path":"/Users/artempetrakov/Documents/Hexlet/Проекты/backend-project-46/src/displayResults/displayJSON.js","statementMap":{"0":{"start":{"line":3,"column":15},"end":{"line":18,"column":6}},"1":{"start":{"line":4,"column":2},"end":{"line":6,"column":3}},"2":{"start":{"line":5,"column":4},"end":{"line":5,"column":45}},"3":{"start":{"line":7,"column":2},"end":{"line":9,"column":3}},"4":{"start":{"line":8,"column":4},"end":{"line":8,"column":45}},"5":{"start":{"line":10,"column":2},"end":{"line":13,"column":3}},"6":{"start":{"line":11,"column":4},"end":{"line":11,"column":48}},"7":{"start":{"line":12,"column":4},"end":{"line":12,"column":48}},"8":{"start":{"line":14,"column":2},"end":{"line":16,"column":3}},"9":{"start":{"line":15,"column":4},"end":{"line":15,"column":45}},"10":{"start":{"line":17,"column":2},"end":{"line":17,"column":13}},"11":{"start":{"line":20,"column":0},"end":{"line":20,"column":23}}},"fnMap":{"0":{"name":"(anonymous_0)","decl":{"start":{"line":1,"column":15},"end":{"line":1,"column":16}},"loc":{"start":{"line":1,"column":25},"end":{"line":22,"column":1}},"line":1},"1":{"name":"(anonymous_1)","decl":{"start":{"line":3,"column":27},"end":{"line":3,"column":28}},"loc":{"start":{"line":3,"column":42},"end":{"line":18,"column":1}},"line":3}},"branchMap":{"0":{"loc":{"start":{"line":4,"column":2},"end":{"line":6,"column":3}},"type":"if","locations":[{"start":{"line":4,"column":2},"end":{"line":6,"column":3}},{"start":{},"end":{}}],"line":4},"1":{"loc":{"start":{"line":7,"column":2},"end":{"line":9,"column":3}},"type":"if","locations":[{"start":{"line":7,"column":2},"end":{"line":9,"column":3}},{"start":{},"end":{}}],"line":7},"2":{"loc":{"start":{"line":10,"column":2},"end":{"line":13,"column":3}},"type":"if","locations":[{"start":{"line":10,"column":2},"end":{"line":13,"column":3}},{"start":{},"end":{}}],"line":10},"3":{"loc":{"start":{"line":14,"column":2},"end":{"line":16,"column":3}},"type":"if","locations":[{"start":{"line":14,"column":2},"end":{"line":16,"column":3}},{"start":{},"end":{}}],"line":14}},"s":{"0":1,"1":5,"2":2,"3":5,"4":1,"5":5,"6":1,"7":1,"8":5,"9":1,"10":5,"11":1},"f":{"0":1,"1":5},"b":{"0":[2,3],"1":[1,4],"2":[1,4],"3":[1,4]},"_coverageSchema":"1a1c01bbd47fc00a2c39e90264f33305004495a9","hash":"ac07cbbbec62d901f985a049195f59089e1a4389"}
,"/Users/artempetrakov/Documents/Hexlet/Проекты/backend-project-46/src/displayResults/displayResult.js": {"path":"/Users/artempetrakov/Documents/Hexlet/Проекты/backend-project-46/src/displayResults/displayResult.js","statementMap":{"0":{"start":{"line":5,"column":2},"end":{"line":10,"column":3}},"1":{"start":{"line":7,"column":4},"end":{"line":7,"column":29}},"2":{"start":{"line":9,"column":6},"end":{"line":9,"column":35}}},"fnMap":{"0":{"name":"(anonymous_0)","decl":{"start":{"line":3,"column":15},"end":{"line":3,"column":16}},"loc":{"start":{"line":3,"column":40},"end":{"line":11,"column":1}},"line":3}},"branchMap":{"0":{"loc":{"start":{"line":5,"column":2},"end":{"line":10,"column":3}},"type":"switch","locations":[{"start":{"line":6,"column":4},"end":{"line":7,"column":29}},{"start":{"line":8,"column":4},"end":{"line":9,"column":35}}],"line":5}},"s":{"0":1,"1":1,"2":0},"f":{"0":1},"b":{"0":[1,0]},"_coverageSchema":"1a1c01bbd47fc00a2c39e90264f33305004495a9","hash":"82045fa8c3bb5753482d33972fb361fb4e6f424e"}
}
