{"/Users/artempetrakov/Documents/Hexlet/Проекты/backend-project-46/src/content.js": {"path":"/Users/artempetrakov/Documents/Hexlet/Проекты/backend-project-46/src/content.js","statementMap":{"0":{"start":{"line":6,"column":19},"end":{"line":11,"column":1}},"1":{"start":{"line":7,"column":21},"end":{"line":7,"column":34}},"2":{"start":{"line":8,"column":19},"end":{"line":8,"column":49}},"3":{"start":{"line":9,"column":19},"end":{"line":9,"column":66}},"4":{"start":{"line":10,"column":2},"end":{"line":10,"column":18}}},"fnMap":{"0":{"name":"(anonymous_0)","decl":{"start":{"line":6,"column":19},"end":{"line":6,"column":20}},"loc":{"start":{"line":6,"column":29},"end":{"line":11,"column":1}},"line":6}},"branchMap":{},"s":{"0":1,"1":4,"2":4,"3":4,"4":4},"f":{"0":4},"b":{},"_coverageSchema":"1a1c01bbd47fc00a2c39e90264f33305004495a9","hash":"7ca2d891feeb1172ea08aaa548a3071ba0103f2d"}
,"/Users/artempetrakov/Documents/Hexlet/Проекты/backend-project-46/src/difference.js": {"path":"/Users/artempetrakov/Documents/Hexlet/Проекты/backend-project-46/src/difference.js","statementMap":{"0":{"start":{"line":10,"column":20},"end":{"line":10,"column":37}},"1":{"start":{"line":11,"column":20},"end":{"line":11,"column":37}},"2":{"start":{"line":12,"column":24},"end":{"line":12,"column":43}},"3":{"start":{"line":15,"column":21},"end":{"line":15,"column":42}},"4":{"start":{"line":17,"column":18},"end":{"line":17,"column":39}},"5":{"start":{"line":18,"column":18},"end":{"line":18,"column":39}},"6":{"start":{"line":21,"column":18},"end":{"line":21,"column":38}},"7":{"start":{"line":22,"column":18},"end":{"line":22,"column":38}},"8":{"start":{"line":24,"column":22},"end":{"line":24,"column":50}},"9":{"start":{"line":26,"column":16},"end":{"line":43,"column":4}},"10":{"start":{"line":28,"column":4},"end":{"line":30,"column":5}},"11":{"start":{"line":29,"column":6},"end":{"line":29,"column":90}},"12":{"start":{"line":31,"column":4},"end":{"line":33,"column":5}},"13":{"start":{"line":32,"column":6},"end":{"line":32,"column":61}},"14":{"start":{"line":34,"column":4},"end":{"line":36,"column":5}},"15":{"start":{"line":35,"column":6},"end":{"line":35,"column":91}},"16":{"start":{"line":37,"column":4},"end":{"line":39,"column":5}},"17":{"start":{"line":38,"column":6},"end":{"line":38,"column":63}},"18":{"start":{"line":40,"column":4},"end":{"line":42,"column":5}},"19":{"start":{"line":41,"column":6},"end":{"line":41,"column":61}},"20":{"start":{"line":44,"column":24},"end":{"line":44,"column":44}},"21":{"start":{"line":45,"column":2},"end":{"line":45,"column":40}}},"fnMap":{"0":{"name":"(anonymous_0)","decl":{"start":{"line":8,"column":15},"end":{"line":8,"column":16}},"loc":{"start":{"line":8,"column":41},"end":{"line":46,"column":1}},"line":8},"1":{"name":"(anonymous_1)","decl":{"start":{"line":26,"column":34},"end":{"line":26,"column":35}},"loc":{"start":{"line":26,"column":43},"end":{"line":43,"column":3}},"line":26}},"branchMap":{"0":{"loc":{"start":{"line":28,"column":4},"end":{"line":30,"column":5}},"type":"if","locations":[{"start":{"line":28,"column":4},"end":{"line":30,"column":5}},{"start":{},"end":{}}],"line":28},"1":{"loc":{"start":{"line":28,"column":8},"end":{"line":28,"column":76}},"type":"binary-expr","locations":[{"start":{"line":28,"column":8},"end":{"line":28,"column":40}},{"start":{"line":28,"column":44},"end":{"line":28,"column":76}}],"line":28},"2":{"loc":{"start":{"line":31,"column":4},"end":{"line":33,"column":5}},"type":"if","locations":[{"start":{"line":31,"column":4},"end":{"line":33,"column":5}},{"start":{},"end":{}}],"line":31},"3":{"loc":{"start":{"line":34,"column":4},"end":{"line":36,"column":5}},"type":"if","locations":[{"start":{"line":34,"column":4},"end":{"line":36,"column":5}},{"start":{},"end":{}}],"line":34},"4":{"loc":{"start":{"line":34,"column":8},"end":{"line":34,"column":101}},"type":"binary-expr","locations":[{"start":{"line":34,"column":9},"end":{"line":34,"column":36}},{"start":{"line":34,"column":40},"end":{"line":34,"column":67}},{"start":{"line":34,"column":72},"end":{"line":34,"column":101}}],"line":34},"5":{"loc":{"start":{"line":37,"column":4},"end":{"line":39,"column":5}},"type":"if","locations":[{"start":{"line":37,"column":4},"end":{"line":39,"column":5}},{"start":{},"end":{}}],"line":37},"6":{"loc":{"start":{"line":37,"column":8},"end":{"line":37,"column":67}},"type":"binary-expr","locations":[{"start":{"line":37,"column":8},"end":{"line":37,"column":35}},{"start":{"line":37,"column":39},"end":{"line":37,"column":67}}],"line":37},"7":{"loc":{"start":{"line":40,"column":4},"end":{"line":42,"column":5}},"type":"if","locations":[{"start":{"line":40,"column":4},"end":{"line":42,"column":5}},{"start":{},"end":{}}],"line":40},"8":{"loc":{"start":{"line":40,"column":8},"end":{"line":40,"column":67}},"type":"binary-expr","locations":[{"start":{"line":40,"column":8},"end":{"line":40,"column":36}},{"start":{"line":40,"column":40},"end":{"line":40,"column":67}}],"line":40}},"s":{"0":2,"1":2,"2":2,"3":2,"4":2,"5":2,"6":2,"7":2,"8":2,"9":2,"10":2,"11":2,"12":0,"13":0,"14":0,"15":0,"16":0,"17":0,"18":0,"19":0,"20":0,"21":0},"f":{"0":2,"1":2},"b":{"0":[2,0],"1":[2,2],"2":[0,0],"3":[0,0],"4":[0,0,0],"5":[0,0],"6":[0,0],"7":[0,0],"8":[0,0]},"_coverageSchema":"1a1c01bbd47fc00a2c39e90264f33305004495a9","hash":"78c5fa5a9ae5625bef3378017f7b70e649d5386a"}
,"/Users/artempetrakov/Documents/Hexlet/Проекты/backend-project-46/src/formatters.js": {"path":"/Users/artempetrakov/Documents/Hexlet/Проекты/backend-project-46/src/formatters.js","statementMap":{"0":{"start":{"line":4,"column":2},"end":{"line":9,"column":5}},"1":{"start":{"line":6,"column":6},"end":{"line":6,"column":21}},"2":{"start":{"line":8,"column":6},"end":{"line":8,"column":21}}},"fnMap":{"0":{"name":"(anonymous_0)","decl":{"start":{"line":3,"column":15},"end":{"line":3,"column":16}},"loc":{"start":{"line":3,"column":27},"end":{"line":10,"column":3}},"line":3}},"branchMap":{"0":{"loc":{"start":{"line":4,"column":2},"end":{"line":9,"column":5}},"type":"switch","locations":[{"start":{"line":5,"column":4},"end":{"line":6,"column":21}},{"start":{"line":7,"column":4},"end":{"line":8,"column":21}}],"line":4}},"s":{"0":0,"1":0,"2":0},"f":{"0":0},"b":{"0":[0,0]},"_coverageSchema":"1a1c01bbd47fc00a2c39e90264f33305004495a9","hash":"2d08ef70795aed9052c7d160e753040134bcbeea"}
,"/Users/artempetrakov/Documents/Hexlet/Проекты/backend-project-46/src/index.js": {"path":"/Users/artempetrakov/Documents/Hexlet/Проекты/backend-project-46/src/index.js","statementMap":{},"fnMap":{},"branchMap":{},"s":{},"f":{},"b":{},"_coverageSchema":"1a1c01bbd47fc00a2c39e90264f33305004495a9","hash":"bbb43150676b13de80e8175d912867ccff239748"}
,"/Users/artempetrakov/Documents/Hexlet/Проекты/backend-project-46/src/parser.js": {"path":"/Users/artempetrakov/Documents/Hexlet/Проекты/backend-project-46/src/parser.js","statementMap":{"0":{"start":{"line":4,"column":2},"end":{"line":13,"column":3}},"1":{"start":{"line":6,"column":6},"end":{"line":6,"column":24}},"2":{"start":{"line":8,"column":6},"end":{"line":8,"column":23}},"3":{"start":{"line":10,"column":6},"end":{"line":10,"column":23}},"4":{"start":{"line":12,"column":6},"end":{"line":12,"column":40}}},"fnMap":{"0":{"name":"(anonymous_0)","decl":{"start":{"line":3,"column":15},"end":{"line":3,"column":16}},"loc":{"start":{"line":3,"column":34},"end":{"line":14,"column":1}},"line":3}},"branchMap":{"0":{"loc":{"start":{"line":4,"column":2},"end":{"line":13,"column":3}},"type":"switch","locations":[{"start":{"line":5,"column":4},"end":{"line":6,"column":24}},{"start":{"line":7,"column":4},"end":{"line":8,"column":23}},{"start":{"line":9,"column":4},"end":{"line":10,"column":23}},{"start":{"line":11,"column":4},"end":{"line":12,"column":40}}],"line":4}},"s":{"0":2,"1":1,"2":1,"3":0,"4":0},"f":{"0":2},"b":{"0":[1,1,0,0]},"_coverageSchema":"1a1c01bbd47fc00a2c39e90264f33305004495a9","hash":"96bef1cf18d7735b078874ea8d720c3382ec4812"}
,"/Users/artempetrakov/Documents/Hexlet/Проекты/backend-project-46/src/stylish.js": {"path":"/Users/artempetrakov/Documents/Hexlet/Проекты/backend-project-46/src/stylish.js","statementMap":{"0":{"start":{"line":4,"column":23},"end":{"line":40,"column":1}},"1":{"start":{"line":8,"column":2},"end":{"line":39,"column":16}},"2":{"start":{"line":10,"column":23},"end":{"line":10,"column":61}},"3":{"start":{"line":10,"column":34},"end":{"line":10,"column":61}},"4":{"start":{"line":12,"column":54},"end":{"line":12,"column":58}},"5":{"start":{"line":14,"column":22},"end":{"line":25,"column":5}},"6":{"start":{"line":16,"column":6},"end":{"line":18,"column":7}},"7":{"start":{"line":17,"column":8},"end":{"line":17,"column":25}},"8":{"start":{"line":19,"column":22},"end":{"line":19,"column":42}},"9":{"start":{"line":20,"column":21},"end":{"line":23,"column":8}},"10":{"start":{"line":21,"column":29},"end":{"line":21,"column":33}},"11":{"start":{"line":22,"column":8},"end":{"line":22,"column":80}},"12":{"start":{"line":24,"column":6},"end":{"line":24,"column":62}},"13":{"start":{"line":27,"column":4},"end":{"line":38,"column":5}},"14":{"start":{"line":29,"column":8},"end":{"line":29,"column":89}},"15":{"start":{"line":31,"column":8},"end":{"line":31,"column":89}},"16":{"start":{"line":33,"column":8},"end":{"line":33,"column":89}},"17":{"start":{"line":35,"column":8},"end":{"line":35,"column":162}},"18":{"start":{"line":37,"column":8},"end":{"line":37,"column":119}}},"fnMap":{"0":{"name":"(anonymous_0)","decl":{"start":{"line":4,"column":23},"end":{"line":4,"column":24}},"loc":{"start":{"line":4,"column":44},"end":{"line":40,"column":1}},"line":4},"1":{"name":"(anonymous_1)","decl":{"start":{"line":8,"column":18},"end":{"line":8,"column":19}},"loc":{"start":{"line":8,"column":28},"end":{"line":39,"column":3}},"line":8},"2":{"name":"(anonymous_2)","decl":{"start":{"line":10,"column":23},"end":{"line":10,"column":24}},"loc":{"start":{"line":10,"column":34},"end":{"line":10,"column":61}},"line":10},"3":{"name":"(anonymous_3)","decl":{"start":{"line":14,"column":22},"end":{"line":14,"column":23}},"loc":{"start":{"line":14,"column":39},"end":{"line":25,"column":5}},"line":14},"4":{"name":"(anonymous_4)","decl":{"start":{"line":20,"column":33},"end":{"line":20,"column":34}},"loc":{"start":{"line":20,"column":43},"end":{"line":23,"column":7}},"line":20}},"branchMap":{"0":{"loc":{"start":{"line":4,"column":30},"end":{"line":4,"column":39}},"type":"default-arg","locations":[{"start":{"line":4,"column":38},"end":{"line":4,"column":39}}],"line":4},"1":{"loc":{"start":{"line":16,"column":6},"end":{"line":18,"column":7}},"type":"if","locations":[{"start":{"line":16,"column":6},"end":{"line":18,"column":7}},{"start":{},"end":{}}],"line":16},"2":{"loc":{"start":{"line":27,"column":4},"end":{"line":38,"column":5}},"type":"switch","locations":[{"start":{"line":28,"column":6},"end":{"line":29,"column":89}},{"start":{"line":30,"column":6},"end":{"line":31,"column":89}},{"start":{"line":32,"column":6},"end":{"line":33,"column":89}},{"start":{"line":34,"column":6},"end":{"line":35,"column":162}},{"start":{"line":36,"column":6},"end":{"line":37,"column":119}}],"line":27}},"s":{"0":1,"1":0,"2":0,"3":0,"4":0,"5":0,"6":0,"7":0,"8":0,"9":0,"10":0,"11":0,"12":0,"13":0,"14":0,"15":0,"16":0,"17":0,"18":0},"f":{"0":0,"1":0,"2":0,"3":0,"4":0},"b":{"0":[0],"1":[0,0],"2":[0,0,0,0,0]},"_coverageSchema":"1a1c01bbd47fc00a2c39e90264f33305004495a9","hash":"2143d82b7a76340f4d08b2df01f9735a7117feb6"}
}
