TN:
SF:src/content.js
FN:6,(anonymous_0)
FNF:1
FNH:1
FNDA:4,(anonymous_0)
DA:6,1
DA:7,4
DA:8,4
DA:9,4
DA:10,4
LF:5
LH:5
BRF:0
BRH:0
end_of_record
TN:
SF:src/difference.js
FN:9,(anonymous_0)
FN:23,(anonymous_1)
FN:32,(anonymous_2)
FNF:3
FNH:3
FNDA:2,(anonymous_0)
FNDA:10,(anonymous_1)
FNDA:36,(anonymous_2)
DA:10,2
DA:11,2
DA:13,2
DA:15,2
DA:17,2
DA:18,2
DA:23,2
DA:25,10
DA:26,10
DA:29,10
DA:32,10
DA:34,36
DA:35,8
DA:37,28
DA:38,6
DA:40,22
DA:41,8
DA:43,14
DA:44,4
DA:46,10
DA:47,10
DA:52,2
DA:54,2
DA:56,2
LF:24
LH:24
BRDA:34,0,0,8
BRDA:34,0,1,28
BRDA:34,1,0,36
BRDA:34,1,1,12
BRDA:37,2,0,6
BRDA:37,2,1,22
BRDA:40,3,0,8
BRDA:40,3,1,14
BRDA:40,4,0,22
BRDA:40,4,1,12
BRDA:40,4,2,8
BRDA:43,5,0,4
BRDA:43,5,1,10
BRDA:43,6,0,14
BRDA:43,6,1,4
BRDA:46,7,0,10
BRDA:46,7,1,0
BRDA:46,8,0,10
BRDA:46,8,1,10
BRF:19
BRH:18
end_of_record
TN:
SF:src/formatters.js
FN:3,(anonymous_0)
FNF:1
FNH:1
FNDA:2,(anonymous_0)
DA:4,2
DA:6,0
DA:8,2
LF:3
LH:2
BRDA:4,0,0,0
BRDA:4,0,1,2
BRF:2
BRH:1
end_of_record
TN:
SF:src/index.js
FNF:0
FNH:0
LF:0
LH:0
BRF:0
BRH:0
end_of_record
TN:
SF:src/parser.js
FN:3,(anonymous_0)
FNF:1
FNH:1
FNDA:2,(anonymous_0)
DA:4,2
DA:6,1
DA:8,1
DA:10,0
DA:12,0
LF:5
LH:3
BRDA:4,0,0,1
BRDA:4,0,1,1
BRDA:4,0,2,0
BRDA:4,0,3,0
BRF:4
BRH:2
end_of_record
TN:
SF:src/stylish.js
FN:4,(anonymous_0)
FN:8,(anonymous_1)
FN:11,(anonymous_2)
FN:15,(anonymous_3)
FN:21,(anonymous_4)
FNF:5
FNH:5
FNDA:10,(anonymous_0)
FNDA:36,(anonymous_1)
FNDA:84,(anonymous_2)
FNDA:54,(anonymous_3)
FNDA:18,(anonymous_4)
DA:4,1
DA:8,10
DA:11,84
DA:13,36
DA:15,36
DA:17,54
DA:18,40
DA:20,14
DA:21,14
DA:22,18
DA:23,18
DA:25,14
DA:28,36
DA:30,6
DA:32,4
DA:34,10
DA:36,8
DA:38,8
LF:18
LH:18
BRDA:4,0,0,2
BRDA:17,1,0,40
BRDA:17,1,1,14
BRDA:28,2,0,6
BRDA:28,2,1,4
BRDA:28,2,2,10
BRDA:28,2,3,8
BRDA:28,2,4,8
BRF:8
BRH:8
end_of_record
