TN:
SF:src/getContent.js
FN:6,(anonymous_0)
FNF:1
FNH:1
FNDA:2,(anonymous_0)
DA:6,1
DA:7,2
DA:8,2
DA:9,2
DA:10,2
LF:5
LH:5
BRF:0
BRH:0
end_of_record
TN:
SF:src/getDifference.js
FN:9,(anonymous_0)
FN:17,(anonymous_1)
FN:36,(anonymous_2)
FNF:3
FNH:3
FNDA:1,(anonymous_0)
FNDA:1,(anonymous_1)
FNDA:5,(anonymous_2)
DA:11,1
DA:12,1
DA:14,1
DA:17,1
DA:18,1
DA:20,1
DA:22,0
DA:26,1
DA:28,1
DA:29,1
DA:31,1
DA:32,1
DA:34,1
DA:36,1
DA:37,5
DA:38,5
DA:40,5
DA:41,1
DA:43,4
DA:44,1
DA:46,3
DA:47,2
DA:49,1
DA:50,1
DA:53,1
LF:25
LH:24
BRDA:18,0,0,1
BRDA:18,0,1,0
BRDA:40,1,0,1
BRDA:40,1,1,4
BRDA:43,2,0,1
BRDA:43,2,1,3
BRDA:43,3,0,4
BRDA:43,3,1,3
BRDA:43,3,2,1
BRDA:46,4,0,2
BRDA:46,4,1,1
BRDA:46,5,0,3
BRDA:46,5,1,2
BRDA:49,6,0,1
BRDA:49,6,1,0
BRDA:49,7,0,1
BRDA:49,7,1,1
BRF:17
BRH:15
end_of_record
TN:
SF:src/index.js
FNF:0
FNH:0
LF:0
LH:0
BRF:0
BRH:0
end_of_record
TN:
SF:src/displayResults/displayJSON.js
FN:1,(anonymous_0)
FN:3,(anonymous_1)
FNF:2
FNH:2
FNDA:1,(anonymous_0)
FNDA:5,(anonymous_1)
DA:3,1
DA:4,5
DA:5,2
DA:7,5
DA:8,1
DA:10,5
DA:11,1
DA:12,1
DA:14,5
DA:15,1
DA:17,5
DA:20,1
LF:12
LH:12
BRDA:4,0,0,2
BRDA:4,0,1,3
BRDA:7,1,0,1
BRDA:7,1,1,4
BRDA:10,2,0,1
BRDA:10,2,1,4
BRDA:14,3,0,1
BRDA:14,3,1,4
BRF:8
BRH:8
end_of_record
TN:
SF:src/displayResults/displayResult.js
FN:3,(anonymous_0)
FNF:1
FNH:1
FNDA:1,(anonymous_0)
DA:5,1
DA:7,1
DA:9,0
LF:3
LH:2
BRDA:5,0,0,1
BRDA:5,0,1,0
BRF:2
BRH:1
end_of_record
